
                 *********************************************
                 *                                           *
                 *               M y S p i c e               *
                 *                                           *
                 *         Professional Version 5.5         *
                 *                                           *
                 *********************************************

	Date: Mon Nov 21 14:34:16 2022
	Circuit File: C:\Users\HMH\Desktop\CMOS\nand2.cir
	Analysis: Transient

**************************  Circuit Description  **************************

     1:  NAND2
     2:  *******************************************************************************
     3:  **            MyChip Station MyDRC Pro 2017 TRIAL_EDITION 
     4:  **            Copyright(c) 1992-2017 MyCAD, Inc. 
     5:  **            TIME = 14:31:46  DATE = 11/21/22 
     6:  *******************************************************************************
     7:  *'NAND2' LAYOUT CELL
     8:  *.GLOBAL A Y B GND:G VDD:P
     9:  M1             Y       A     VDD     VDD       PMOS W=2.4U L=2.8U AS=1.44P PS=1.2U AD=2.64P PD=4.6U
    10:  M2             Y       B     VDD     VDD       PMOS W=2.4U L=2.8U AS=1.44P PS=1.2U AD=2.64P PD=4.6U
    11:  *---------------------------------------------------
    12:  *	# OF MOSEF PMOS       : 2
    13:  *---------------------------------------------------
    14:  *
    15:  M3           GND       A       7     GND       NMOS W=1.2U L=2.8U AS=1.32P PS=3.4U AD=0.72P PD=1.2U
    16:  M4             Y       B       7     GND       NMOS W=1.2U L=2.8U AS=1.32P PS=3.4U AD=0.72P PD=1.2U
    17:  *---------------------------------------------------
    18:  *	# OF MOSEF NMOS       : 2
    19:  *---------------------------------------------------
    20:  *
    21:  
    22:  *
    23:  *POWER/GROUND
    24:  VDD VDD 0 DC 2.0
    25:  VGND GND 0 DC 0
    26:  Vin1 A 0 PULSE (0 2.0 10n 2n 2n 16n 40n)
    27:  Vin2 B 0 PULSE (0 2.0 20n 2n 2n 32n 80n)
    28:  
    29:  .tran 1ns 200ns
    30:  
    31:  * TSMC 0352P4M
    32:  * SPICE BSIM3 VERSION 3.1 PARAMETERS
    33:  * SPICE 3f5 Level 8, Star-HSPICE Level 49, UTMOST Level 8
    34:  .MODEL NMOS NMOS (                                 LEVEL   = 49
    35:  +VERSION = 3.1            TNOM    = 27             TOX     = 7.6E-9
    36:  +XJ      = 1E-7           NCH     = 2.3579E17      VTH0    = 0.5027514
    37:  +K1      = 0.5359893      K2      = 0.0258172      K3      = 24.6606744
    38:  +K3B     = 1.4055348      W0      = 5.355464E-6    NLX     = 2.404522E-9
    39:  +DVT0W   = 0              DVT1W   = 0              DVT2W   = 0
    40:  +DVT0    = -0.120252      DVT1    = 3.084588E-3    DVT2    = 0.470688
    41:  +U0      = 417.429294     UA      = -1.40534E-13   UB      = 1.355832E-18
    42:  +UC      = 2.939828E-11   VSAT    = 1.208882E5     A0      = 0.9319916
    43:  +AGS     = 0.1686015      B0      = 1.288356E-6    B1      = 5E-6
    44:  +KETA    = 0.0105706      A1      = 0              A2      = 1
    45:  +RDSW    = 1.103044E3     PRWG    = 1.750872E-3    PRWB    = -0.0916512
    46:  +WR      = 1              WINT    = 6.910593E-8    LINT    = 1.993462E-8
    47:  +XL      = -2E-8          XW      = 0              DWG     = 1.047524E-9
    48:  +DWB     = 1.084571E-8    VOFF    = -0.0906265     NFACTOR = 0.6164962
    49:  +CIT     = 0              CDSC    = 5.145568E-6    CDSCD   = 0
    50:  +CDSCB   = 0              ETA0    = 4.63499E-3     ETAB    = -9.189583E-4
    51:  +DSUB    = 0.1150044      PCLM    = 0.7703416      PDIBLC1 = 0.3438859
    52:  +PDIBLC2 = 8.526878E-3    PDIBLCB = 0.0845601      DROUT   = 0.6859339
    53:  +PSCBE1  = 7.23225E9      PSCBE2  = 5.005586E-10   PVAG    = 0.4108257
    54:  +DELTA   = 0.01           MOBMOD  = 1              PRT     = 0
    55:  +UTE     = -1.5           KT1     = -0.11          KT1L    = 0
    56:  +KT2     = 0.022          UA1     = 4.31E-9        UB1     = -7.61E-18
    57:  +UC1     = -5.6E-11       AT      = 3.3E4          WL      = 0
    58:  +WLN     = 1              WW      = -1.22182E-15   WWN     = 1.1837
    59:  +WWL     = 0              LL      = 0              LLN     = 1
    60:  +LW      = 0              LWN     = 1              LWL     = 0
    61:  +CAPMOD  = 2              XPART   = 0.4            CGDO    = 2.95E-10
    62:  +CGSO    = 2.95E-10       CGBO    = 1E-11          CJ      = 1.08158E-3
    63:  +PB      = 0.7719669      MJ      = 0.3252096      CJSW    = 3.480034E-10
    64:  +PBSW    = 0.99           MJSW    = 0.1576976      PVTH0   = -0.0122678
    65:  +PRDSW   = -93.3365259    PK2     = -3.470912E-3   WKETA   = -3.503848E-3
    66:  +LKETA   = -0.0105386      )
    67:  *
    68:  .MODEL PMOS PMOS (                                 LEVEL   = 49
    69:  +VERSION = 3.1            TNOM    = 27             TOX     = 7.6E-9
    70:  +XJ      = 1E-7           NCH     = 8.52E16        VTH0    = -0.6821549
    71:  +K1      = 0.4197546      K2      = -6.11453E-3    K3      = 35.791795
    72:  +K3B     = -2.796173      W0      = 1.990794E-6    NLX     = 4.309814E-7
    73:  +DVT0W   = 0              DVT1W   = 0              DVT2W   = 0
    74:  +DVT0    = 1.134781       DVT1    = 0.3272645      DVT2    = -1.051562E-3
    75:  +U0      = 141.3184274    UA      = 1.024889E-10   UB      = 1.354611E-18
    76:  +UC      = -3.30244E-11   VSAT    = 1.6171E5       A0      = 0.6693235
    77:  +AGS     = 0.2959248      B0      = 2.86196E-6     B1      = 5E-6
    78:  +KETA    = -6.382387E-3   A1      = 0              A2      = 1
    79:  +RDSW    = 3.44286E3      PRWG    = -0.0626736     PRWB    = 0.0981315
    80:  +WR      = 1              WINT    = 5.340142E-8    LINT    = 1.410986E-9
    81:  +XL      = -2E-8          XW      = 0              DWG     = -4.209302E-9
    82:  +DWB     = 1.12145E-8     VOFF    = -0.1154702     NFACTOR = 2
    83:  +CIT     = 0              CDSC    = 0              CDSCD   = 0
    84:  +CDSCB   = 4.724734E-5    ETA0    = 0.0115959      ETAB    = 2.08259E-4
    85:  +DSUB    = 0.2766226      PCLM    = 7.8965744      PDIBLC1 = 1.97648E-3
    86:  +PDIBLC2 = 8.825766E-3    PDIBLCB = 2.37472E-3     DROUT   = 0.4321935
    87:  +PSCBE1  = 3.010835E10    PSCBE2  = 7.998967E-10   PVAG    = 15
    88:  +DELTA   = 0.01           MOBMOD  = 1              PRT     = 0
    89:  +UTE     = -1.5           KT1     = -0.11          KT1L    = 0
    90:  +KT2     = 0.022          UA1     = 4.31E-9        UB1     = -7.61E-18
    91:  +UC1     = -5.6E-11       AT      = 3.3E4          WL      = 0
    92:  +WLN     = 1              WW      = -5.22182E-16   WWN     = 1.195
    93:  +WWL     = 0              LL      = 0              LLN     = 1
    94:  +LW      = 0              LWN     = 1              LWL     = 0
    95:  +CAPMOD  = 2              XPART   = 0.4            CGDO    = 2.77E-10
    96:  +CGSO    = 2.77E-10       CGBO    = 1E-11          CJ      = 1.417679E-3
    97:  +PB      = 0.99           MJ      = 0.5636812      CJSW    = 4.292884E-10
    98:  +PBSW    = 0.99           MJSW    = 0.3497357      PVTH0   = 0.0116448
    99:  +PRDSW   = -58.3059685    PK2     = 1.654991E-3    WKETA   = -6.310553E-4
   100:  +LKETA   = 1.189744E-3     )
   101:  

***************************  Model Parameters  ****************************


***************  Device Parameters (Only for .op analysis)  ***************



**************************  Analysis Parameters  **************************

	Stepsize ............ : 1ns
	Final time .......... : 200ns
	Use Initial Conditions: Off



**************  Options (Only those different from default)  **************



*************************  Simulation Statistics  *************************

	Total number of iterations.....................: 832
	Number of iterations for transient analysis....: 822
	Total number of timepoints.....................: 266
	Number of timepoints accepted..................: 243
	Number of timepoints rejected..................: 23
	Total analysis time (sec)......................: 0.056
	Transient analysis time (sec)..................: 0.047
	Time spent in device loading (sec).............: 0
	Time spent in L-U decomposition (sec)..........: 0
	Time spent in matrix reordering (sec)..........: 0
	Time spent in matrix solving (sec).............: 0
	Time spent in transient L-U decomposition (sec): 0
	Time spent in transient matrix solving (sec)...: 0

***************************  Kernel Messages  *****************************

Circuit: NAND2

Warning: parameter xl not supported; value ignored
Warning: parameter xw not supported; value ignored
Warning: parameter xl not supported; value ignored
Warning: parameter xw not supported; value ignored
Warning: Ps = 1.2e-006 is less than W for m2 in model pmos.
Warning: vin2: no DC value, transient time 0 value used
Warning: vin1: no DC value, transient time 0 value used

